Performing C SOURCE FILE Test CMAKE_HAVE_LIBC_PTHREAD failed with the following output:
Change Dir: /home/slender/torch_ws/deeplab_test_ros/build/CMakeFiles/CMakeTmp

Run Build Command(s):/usr/bin/make cmTC_1be6c/fast && /usr/bin/make -f CMakeFiles/cmTC_1be6c.dir/build.make CMakeFiles/cmTC_1be6c.dir/build
make[1]: 进入目录“/home/slender/torch_ws/deeplab_test_ros/build/CMakeFiles/CMakeTmp”
Building C object CMakeFiles/cmTC_1be6c.dir/src.c.o
/usr/bin/cc   -DCMAKE_HAVE_LIBC_PTHREAD   -o CMakeFiles/cmTC_1be6c.dir/src.c.o   -c /home/slender/torch_ws/deeplab_test_ros/build/CMakeFiles/CMakeTmp/src.c
Linking C executable cmTC_1be6c
/opt/cmake-3.16.0/bin/cmake -E cmake_link_script CMakeFiles/cmTC_1be6c.dir/link.txt --verbose=1
/usr/bin/cc  -DCMAKE_HAVE_LIBC_PTHREAD    -rdynamic CMakeFiles/cmTC_1be6c.dir/src.c.o  -o cmTC_1be6c 
CMakeFiles/cmTC_1be6c.dir/src.c.o：在函数‘main’中：
src.c:(.text+0x3e)：对‘pthread_create’未定义的引用
src.c:(.text+0x4a)：对‘pthread_detach’未定义的引用
src.c:(.text+0x5b)：对‘pthread_join’未定义的引用
src.c:(.text+0x6f)：对‘pthread_atfork’未定义的引用
collect2: error: ld returned 1 exit status
CMakeFiles/cmTC_1be6c.dir/build.make:86: recipe for target 'cmTC_1be6c' failed
make[1]: *** [cmTC_1be6c] Error 1
make[1]: 离开目录“/home/slender/torch_ws/deeplab_test_ros/build/CMakeFiles/CMakeTmp”
Makefile:121: recipe for target 'cmTC_1be6c/fast' failed
make: *** [cmTC_1be6c/fast] Error 2


Source file was:
#include <pthread.h>

void* test_func(void* data)
{
  return data;
}

int main(void)
{
  pthread_t thread;
  pthread_create(&thread, NULL, test_func, NULL);
  pthread_detach(thread);
  pthread_join(thread, NULL);
  pthread_atfork(NULL, NULL, NULL);
  pthread_exit(NULL);

  return 0;
}

Determining if the function pthread_create exists in the pthreads failed with the following output:
Change Dir: /home/slender/torch_ws/deeplab_test_ros/build/CMakeFiles/CMakeTmp

Run Build Command(s):/usr/bin/make cmTC_37d01/fast && /usr/bin/make -f CMakeFiles/cmTC_37d01.dir/build.make CMakeFiles/cmTC_37d01.dir/build
make[1]: 进入目录“/home/slender/torch_ws/deeplab_test_ros/build/CMakeFiles/CMakeTmp”
Building C object CMakeFiles/cmTC_37d01.dir/CheckFunctionExists.c.o
/usr/bin/cc   -DCHECK_FUNCTION_EXISTS=pthread_create   -o CMakeFiles/cmTC_37d01.dir/CheckFunctionExists.c.o   -c /opt/cmake-3.16.0/share/cmake-3.16/Modules/CheckFunctionExists.c
Linking C executable cmTC_37d01
/opt/cmake-3.16.0/bin/cmake -E cmake_link_script CMakeFiles/cmTC_37d01.dir/link.txt --verbose=1
/usr/bin/cc  -DCHECK_FUNCTION_EXISTS=pthread_create    -rdynamic CMakeFiles/cmTC_37d01.dir/CheckFunctionExists.c.o  -o cmTC_37d01  -lpthreads 
/usr/bin/ld: 找不到 -lpthreads
collect2: error: ld returned 1 exit status
CMakeFiles/cmTC_37d01.dir/build.make:86: recipe for target 'cmTC_37d01' failed
make[1]: *** [cmTC_37d01] Error 1
make[1]: 离开目录“/home/slender/torch_ws/deeplab_test_ros/build/CMakeFiles/CMakeTmp”
Makefile:121: recipe for target 'cmTC_37d01/fast' failed
make: *** [cmTC_37d01/fast] Error 2



